<?xml version="1.0" encoding="UTF-8"?>
<coverage generated="1684961769715" clover="3.2.0">
  <project timestamp="1684961769715" name="All files">
    <metrics statements="50" coveredstatements="50" conditionals="13" coveredconditionals="13" methods="15" coveredmethods="15" elements="78" coveredelements="78" complexity="0" loc="50" ncloc="50" packages="1" files="5" classes="5"/>
    <file name="CPF.ts" path="/root/projects/CleanCode_CleanArchitecture_Turma10_Branas/branas_turma10_ecommerce/src/classes/CPF.ts">
      <metrics statements="31" coveredstatements="31" conditionals="13" coveredconditionals="13" methods="6" coveredmethods="6"/>
      <line num="1" count="2" type="stmt"/>
      <line num="5" count="8" type="stmt"/>
      <line num="6" count="8" type="stmt"/>
      <line num="10" count="8" type="cond" truecount="2" falsecount="0"/>
      <line num="14" count="8" type="cond" truecount="2" falsecount="0"/>
      <line num="18" count="23" type="stmt"/>
      <line num="22" count="8" type="cond" truecount="3" falsecount="0"/>
      <line num="23" count="1" type="stmt"/>
      <line num="24" count="7" type="stmt"/>
      <line num="25" count="7" type="cond" truecount="1" falsecount="0"/>
      <line num="26" count="1" type="stmt"/>
      <line num="27" count="6" type="stmt"/>
      <line num="32" count="6" type="stmt"/>
      <line num="33" count="6" type="stmt"/>
      <line num="34" count="6" type="stmt"/>
      <line num="35" count="53" type="stmt"/>
      <line num="36" count="53" type="stmt"/>
      <line num="37" count="53" type="stmt"/>
      <line num="39" count="6" type="stmt"/>
      <line num="40" count="6" type="cond" truecount="2" falsecount="0"/>
      <line num="41" count="6" type="stmt"/>
      <line num="42" count="6" type="stmt"/>
      <line num="43" count="6" type="cond" truecount="2" falsecount="0"/>
      <line num="44" count="3" type="stmt"/>
      <line num="46" count="3" type="stmt"/>
      <line num="47" count="6" type="stmt"/>
      <line num="48" count="6" type="stmt"/>
      <line num="49" count="6" type="cond" truecount="1" falsecount="0"/>
      <line num="50" count="2" type="stmt"/>
      <line num="52" count="2" type="stmt"/>
      <line num="53" count="2" type="stmt"/>
    </file>
    <file name="Cart.ts" path="/root/projects/CleanCode_CleanArchitecture_Turma10_Branas/branas_turma10_ecommerce/src/classes/Cart.ts">
      <metrics statements="8" coveredstatements="8" conditionals="0" coveredconditionals="0" methods="4" coveredmethods="4"/>
      <line num="1" count="1" type="stmt"/>
      <line num="4" count="1" type="stmt"/>
      <line num="5" count="2" type="stmt"/>
      <line num="8" count="6" type="stmt"/>
      <line num="12" count="2" type="stmt"/>
      <line num="13" count="2" type="stmt"/>
      <line num="14" count="6" type="stmt"/>
      <line num="16" count="2" type="stmt"/>
    </file>
    <file name="Item.ts" path="/root/projects/CleanCode_CleanArchitecture_Turma10_Branas/branas_turma10_ecommerce/src/classes/Item.ts">
      <metrics statements="2" coveredstatements="2" conditionals="0" coveredconditionals="0" methods="1" coveredmethods="1"/>
      <line num="3" count="1" type="stmt"/>
      <line num="4" count="6" type="stmt"/>
    </file>
    <file name="Order.ts" path="/root/projects/CleanCode_CleanArchitecture_Turma10_Branas/branas_turma10_ecommerce/src/classes/Order.ts">
      <metrics statements="7" coveredstatements="7" conditionals="0" coveredconditionals="0" methods="3" coveredmethods="3"/>
      <line num="4" count="1" type="stmt"/>
      <line num="5" count="2" type="stmt"/>
      <line num="6" count="2" type="stmt"/>
      <line num="9" count="1" type="stmt"/>
      <line num="13" count="2" type="stmt"/>
      <line num="14" count="2" type="stmt"/>
      <line num="15" count="2" type="stmt"/>
    </file>
    <file name="Product.ts" path="/root/projects/CleanCode_CleanArchitecture_Turma10_Branas/branas_turma10_ecommerce/src/classes/Product.ts">
      <metrics statements="2" coveredstatements="2" conditionals="0" coveredconditionals="0" methods="1" coveredmethods="1"/>
      <line num="1" count="1" type="stmt"/>
      <line num="2" count="6" type="stmt"/>
    </file>
  </project>
</coverage>
