{"/root/projects/CleanCode_CleanArchitecture_Turma10_Branas/branas_turma10_ecommerce/src/classes/CPF.ts": {"path":"/root/projects/CleanCode_CleanArchitecture_Turma10_Branas/branas_turma10_ecommerce/src/classes/CPF.ts","statementMap":{"0":{"start":{"line":5,"column":8},"end":{"line":5,"column":null}},"1":{"start":{"line":6,"column":8},"end":{"line":6,"column":null}},"2":{"start":{"line":10,"column":8},"end":{"line":10,"column":59}},"3":{"start":{"line":14,"column":8},"end":{"line":14,"column":62}},"4":{"start":{"line":18,"column":8},"end":{"line":18,"column":65}},"5":{"start":{"line":18,"column":46},"end":{"line":18,"column":63}},"6":{"start":{"line":22,"column":8},"end":{"line":23,"column":null}},"7":{"start":{"line":23,"column":12},"end":{"line":23,"column":null}},"8":{"start":{"line":24,"column":8},"end":{"line":24,"column":null}},"9":{"start":{"line":25,"column":8},"end":{"line":26,"column":null}},"10":{"start":{"line":26,"column":12},"end":{"line":26,"column":null}},"11":{"start":{"line":27,"column":8},"end":{"line":54,"column":null}},"12":{"start":{"line":32,"column":12},"end":{"line":32,"column":24}},"13":{"start":{"line":33,"column":12},"end":{"line":33,"column":33}},"14":{"start":{"line":34,"column":12},"end":{"line":38,"column":14}},"15":{"start":{"line":34,"column":30},"end":{"line":34,"column":31}},"16":{"start":{"line":35,"column":16},"end":{"line":35,"column":73}},"17":{"start":{"line":36,"column":16},"end":{"line":36,"column":51}},"18":{"start":{"line":37,"column":16},"end":{"line":37,"column":51}},"19":{"start":{"line":39,"column":12},"end":{"line":39,"column":29}},"20":{"start":{"line":40,"column":12},"end":{"line":40,"column":51}},"21":{"start":{"line":41,"column":12},"end":{"line":41,"column":26}},"22":{"start":{"line":42,"column":12},"end":{"line":42,"column":29}},"23":{"start":{"line":43,"column":12},"end":{"line":46,"column":32}},"24":{"start":{"line":44,"column":16},"end":{"line":44,"column":24}},"25":{"start":{"line":46,"column":16},"end":{"line":46,"column":32}},"26":{"start":{"line":47,"column":34},"end":{"line":47,"column":88}},"27":{"start":{"line":48,"column":12},"end":{"line":48,"column":45}},"28":{"start":{"line":49,"column":12},"end":{"line":50,"column":null}},"29":{"start":{"line":50,"column":16},"end":{"line":50,"column":null}},"30":{"start":{"line":52,"column":12},"end":{"line":52,"column":38}},"31":{"start":{"line":53,"column":12},"end":{"line":53,"column":null}},"32":{"start":{"line":1,"column":0},"end":{"line":1,"column":21}}},"fnMap":{"0":{"name":"(anonymous_0)","decl":{"start":{"line":4,"column":4},"end":{"line":4,"column":16}},"loc":{"start":{"line":4,"column":27},"end":{"line":7,"column":5}}},"1":{"name":"(anonymous_1)","decl":{"start":{"line":9,"column":4},"end":{"line":9,"column":24}},"loc":{"start":{"line":9,"column":24},"end":{"line":11,"column":5}}},"2":{"name":"(anonymous_2)","decl":{"start":{"line":13,"column":4},"end":{"line":13,"column":20}},"loc":{"start":{"line":13,"column":20},"end":{"line":15,"column":5}}},"3":{"name":"(anonymous_3)","decl":{"start":{"line":17,"column":4},"end":{"line":17,"column":24}},"loc":{"start":{"line":17,"column":24},"end":{"line":19,"column":5}}},"4":{"name":"(anonymous_4)","decl":{"start":{"line":18,"column":41},"end":{"line":18,"column":42}},"loc":{"start":{"line":18,"column":46},"end":{"line":18,"column":63}}},"5":{"name":"(anonymous_5)","decl":{"start":{"line":21,"column":4},"end":{"line":21,"column":14}},"loc":{"start":{"line":21,"column":14},"end":{"line":55,"column":5}}}},"branchMap":{"0":{"loc":{"start":{"line":10,"column":15},"end":{"line":10,"column":58}},"type":"binary-expr","locations":[{"start":{"line":10,"column":15},"end":{"line":10,"column":32}},{"start":{"line":10,"column":36},"end":{"line":10,"column":58}}]},"1":{"loc":{"start":{"line":14,"column":15},"end":{"line":14,"column":61}},"type":"binary-expr","locations":[{"start":{"line":14,"column":15},"end":{"line":14,"column":36}},{"start":{"line":14,"column":40},"end":{"line":14,"column":61}}]},"2":{"loc":{"start":{"line":22,"column":8},"end":{"line":23,"column":null}},"type":"if","locations":[{"start":{"line":22,"column":8},"end":{"line":23,"column":null}}]},"3":{"loc":{"start":{"line":22,"column":12},"end":{"line":22,"column":67}},"type":"binary-expr","locations":[{"start":{"line":22,"column":12},"end":{"line":22,"column":39}},{"start":{"line":22,"column":43},"end":{"line":22,"column":67}}]},"4":{"loc":{"start":{"line":25,"column":8},"end":{"line":26,"column":null}},"type":"if","locations":[{"start":{"line":25,"column":8},"end":{"line":26,"column":null}}]},"5":{"loc":{"start":{"line":40,"column":18},"end":{"line":40,"column":50}},"type":"cond-expr","locations":[{"start":{"line":40,"column":31},"end":{"line":40,"column":38}},{"start":{"line":40,"column":41},"end":{"line":40,"column":50}}]},"6":{"loc":{"start":{"line":43,"column":12},"end":{"line":46,"column":32}},"type":"if","locations":[{"start":{"line":43,"column":12},"end":{"line":46,"column":32}},{"start":{"line":46,"column":16},"end":{"line":46,"column":32}}]},"7":{"loc":{"start":{"line":49,"column":12},"end":{"line":50,"column":null}},"type":"if","locations":[{"start":{"line":49,"column":12},"end":{"line":50,"column":null}}]}},"s":{"0":8,"1":8,"2":8,"3":8,"4":7,"5":23,"6":8,"7":1,"8":7,"9":7,"10":1,"11":6,"12":6,"13":6,"14":6,"15":6,"16":53,"17":53,"18":53,"19":6,"20":6,"21":6,"22":6,"23":6,"24":3,"25":3,"26":6,"27":6,"28":6,"29":2,"30":2,"31":2,"32":2},"f":{"0":8,"1":8,"2":8,"3":7,"4":23,"5":8},"b":{"0":[8,8],"1":[8,7],"2":[1],"3":[8,8],"4":[1],"5":[2,4],"6":[3,3],"7":[2]}}
,"/root/projects/CleanCode_CleanArchitecture_Turma10_Branas/branas_turma10_ecommerce/src/classes/Cart.ts": {"path":"/root/projects/CleanCode_CleanArchitecture_Turma10_Branas/branas_turma10_ecommerce/src/classes/Cart.ts","statementMap":{"0":{"start":{"line":1,"column":0},"end":{"line":1,"column":26}},"1":{"start":{"line":5,"column":4},"end":{"line":5,"column":null}},"2":{"start":{"line":8,"column":8},"end":{"line":8,"column":53}},"3":{"start":{"line":12,"column":25},"end":{"line":12,"column":26}},"4":{"start":{"line":13,"column":8},"end":{"line":15,"column":null}},"5":{"start":{"line":14,"column":12},"end":{"line":14,"column":null}},"6":{"start":{"line":16,"column":8},"end":{"line":16,"column":26}},"7":{"start":{"line":4,"column":0},"end":{"line":4,"column":21}}},"fnMap":{"0":{"name":"(anonymous_1)","decl":{"start":{"line":4,"column":0},"end":{"line":4,"column":21}},"loc":{"start":{"line":4,"column":0},"end":{"line":18,"column":1}}},"1":{"name":"(anonymous_2)","decl":{"start":{"line":7,"column":4},"end":{"line":7,"column":11}},"loc":{"start":{"line":7,"column":46},"end":{"line":9,"column":5}}},"2":{"name":"(anonymous_3)","decl":{"start":{"line":11,"column":4},"end":{"line":11,"column":26}},"loc":{"start":{"line":11,"column":26},"end":{"line":17,"column":5}}},"3":{"name":"(anonymous_4)","decl":{"start":{"line":13,"column":24},"end":{"line":13,"column":28}},"loc":{"start":{"line":13,"column":31},"end":{"line":15,"column":9}}}},"branchMap":{},"s":{"0":1,"1":2,"2":6,"3":2,"4":2,"5":6,"6":2,"7":1},"f":{"0":2,"1":6,"2":2,"3":6},"b":{}}
,"/root/projects/CleanCode_CleanArchitecture_Turma10_Branas/branas_turma10_ecommerce/src/classes/Item.ts": {"path":"/root/projects/CleanCode_CleanArchitecture_Turma10_Branas/branas_turma10_ecommerce/src/classes/Item.ts","statementMap":{"0":{"start":{"line":4,"column":25},"end":{"line":4,"column":41}},"1":{"start":{"line":4,"column":52},"end":{"line":4,"column":68}},"2":{"start":{"line":3,"column":0},"end":{"line":3,"column":21}}},"fnMap":{"0":{"name":"(anonymous_0)","decl":{"start":{"line":4,"column":4},"end":{"line":4,"column":25}},"loc":{"start":{"line":4,"column":68},"end":{"line":4,"column":71}}}},"branchMap":{},"s":{"0":6,"1":6,"2":1},"f":{"0":6},"b":{}}
,"/root/projects/CleanCode_CleanArchitecture_Turma10_Branas/branas_turma10_ecommerce/src/classes/Order.ts": {"path":"/root/projects/CleanCode_CleanArchitecture_Turma10_Branas/branas_turma10_ecommerce/src/classes/Order.ts","statementMap":{"0":{"start":{"line":6,"column":25},"end":{"line":6,"column":33}},"1":{"start":{"line":6,"column":44},"end":{"line":6,"column":54}},"2":{"start":{"line":5,"column":4},"end":{"line":5,"column":13}},"3":{"start":{"line":9,"column":8},"end":{"line":9,"column":36}},"4":{"start":{"line":13,"column":30},"end":{"line":13,"column":64}},"5":{"start":{"line":14,"column":27},"end":{"line":14,"column":72}},"6":{"start":{"line":15,"column":8},"end":{"line":15,"column":26}},"7":{"start":{"line":4,"column":0},"end":{"line":4,"column":21}}},"fnMap":{"0":{"name":"(anonymous_0)","decl":{"start":{"line":6,"column":4},"end":{"line":6,"column":25}},"loc":{"start":{"line":6,"column":54},"end":{"line":6,"column":57}}},"1":{"name":"(anonymous_1)","decl":{"start":{"line":8,"column":4},"end":{"line":8,"column":15}},"loc":{"start":{"line":8,"column":39},"end":{"line":10,"column":5}}},"2":{"name":"(anonymous_2)","decl":{"start":{"line":12,"column":4},"end":{"line":12,"column":23}},"loc":{"start":{"line":12,"column":23},"end":{"line":16,"column":5}}}},"branchMap":{},"s":{"0":2,"1":2,"2":2,"3":1,"4":2,"5":2,"6":2,"7":1},"f":{"0":2,"1":1,"2":2},"b":{}}
,"/root/projects/CleanCode_CleanArchitecture_Turma10_Branas/branas_turma10_ecommerce/src/classes/Product.ts": {"path":"/root/projects/CleanCode_CleanArchitecture_Turma10_Branas/branas_turma10_ecommerce/src/classes/Product.ts","statementMap":{"0":{"start":{"line":2,"column":25},"end":{"line":2,"column":42}},"1":{"start":{"line":2,"column":53},"end":{"line":2,"column":66}},"2":{"start":{"line":1,"column":0},"end":{"line":1,"column":21}}},"fnMap":{"0":{"name":"(anonymous_0)","decl":{"start":{"line":2,"column":4},"end":{"line":2,"column":25}},"loc":{"start":{"line":2,"column":66},"end":{"line":2,"column":69}}}},"branchMap":{},"s":{"0":6,"1":6,"2":1},"f":{"0":6},"b":{}}
}
