TN:
SF:src/classes/CPF.ts
FN:4,(anonymous_0)
FN:9,(anonymous_1)
FN:13,(anonymous_2)
FN:17,(anonymous_3)
FN:18,(anonymous_4)
FN:21,(anonymous_5)
FNF:6
FNH:6
FNDA:8,(anonymous_0)
FNDA:8,(anonymous_1)
FNDA:8,(anonymous_2)
FNDA:7,(anonymous_3)
FNDA:23,(anonymous_4)
FNDA:8,(anonymous_5)
DA:1,2
DA:5,8
DA:6,8
DA:10,8
DA:14,8
DA:18,23
DA:22,8
DA:23,1
DA:24,7
DA:25,7
DA:26,1
DA:27,6
DA:32,6
DA:33,6
DA:34,6
DA:35,53
DA:36,53
DA:37,53
DA:39,6
DA:40,6
DA:41,6
DA:42,6
DA:43,6
DA:44,3
DA:46,3
DA:47,6
DA:48,6
DA:49,6
DA:50,2
DA:52,2
DA:53,2
LF:31
LH:31
BRDA:10,0,0,8
BRDA:10,0,1,8
BRDA:14,1,0,8
BRDA:14,1,1,7
BRDA:22,2,0,1
BRDA:22,3,0,8
BRDA:22,3,1,8
BRDA:25,4,0,1
BRDA:40,5,0,2
BRDA:40,5,1,4
BRDA:43,6,0,3
BRDA:43,6,1,3
BRDA:49,7,0,2
BRF:13
BRH:13
end_of_record
TN:
SF:src/classes/Cart.ts
FN:4,(anonymous_1)
FN:7,(anonymous_2)
FN:11,(anonymous_3)
FN:13,(anonymous_4)
FNF:4
FNH:4
FNDA:2,(anonymous_1)
FNDA:6,(anonymous_2)
FNDA:2,(anonymous_3)
FNDA:6,(anonymous_4)
DA:1,1
DA:4,1
DA:5,2
DA:8,6
DA:12,2
DA:13,2
DA:14,6
DA:16,2
LF:8
LH:8
BRF:0
BRH:0
end_of_record
TN:
SF:src/classes/Item.ts
FN:4,(anonymous_0)
FNF:1
FNH:1
FNDA:6,(anonymous_0)
DA:3,1
DA:4,6
LF:2
LH:2
BRF:0
BRH:0
end_of_record
TN:
SF:src/classes/Order.ts
FN:6,(anonymous_0)
FN:8,(anonymous_1)
FN:12,(anonymous_2)
FNF:3
FNH:3
FNDA:2,(anonymous_0)
FNDA:1,(anonymous_1)
FNDA:2,(anonymous_2)
DA:4,1
DA:5,2
DA:6,2
DA:9,1
DA:13,2
DA:14,2
DA:15,2
LF:7
LH:7
BRF:0
BRH:0
end_of_record
TN:
SF:src/classes/Product.ts
FN:2,(anonymous_0)
FNF:1
FNH:1
FNDA:6,(anonymous_0)
DA:1,1
DA:2,6
LF:2
LH:2
BRF:0
BRH:0
end_of_record
